<?xml version="1.0" encoding="UTF-8"?>
<!-- Generated by org.testng.reporters.JUnitXMLReporter -->
<testsuite hostname="DESKTOP-OT8BPVR" failures="1" tests="3" name="Test" time="0.086" errors="0" timestamp="7 Nov 2023 06:39:13 GMT">
  <testcase classname="Selenium.groups" name="tc1" time="0.014"/>
  <testcase classname="Selenium.groups" name="tc3" time="0.004"/>
  <testcase classname="Selenium.alerts" name="al4" time="0.005">
    <failure type="java.lang.NullPointerException" message="Cannot invoke &amp;quot;org.openqa.selenium.JavascriptExecutor.executeScript(String, Object[])&amp;quot; because &amp;quot;scroll&amp;quot; is null">
      <![CDATA[java.lang.NullPointerException: Cannot invoke "org.openqa.selenium.JavascriptExecutor.executeScript(String, Object[])" because "scroll" is null
	at Selenium.alerts.al4(alerts.java:80)
... Removed 24 stack frames]]>
    </failure>
  </testcase> <!-- al4 -->
</testsuite> <!-- Test -->
