<?xml version="1.0" encoding="UTF-8"?>
<testng-results total="1" passed="1" failed="0" skipped="0">
  <reporter-output>
  </reporter-output>
  <suite started-at="2023-11-02T11:15:25Z" name="Surefire suite" finished-at="2023-11-02T11:16:01Z" duration-ms="36556">
    <groups>
    </groups>
    <test started-at="2023-11-02T11:15:25Z" name="Surefire test" finished-at="2023-11-02T11:16:01Z" duration-ms="36556">
      <class name="Selenium.OrangeHRM">
        <test-method is-config="true" signature="bt()[pri:0, instance:Selenium.OrangeHRM@62fdb4a6]" started-at="2023-11-02T16:45:25Z" name="bt" finished-at="2023-11-02T16:45:51Z" duration-ms="26108" status="PASS">
          <reporter-output>
          </reporter-output>
        </test-method> <!-- bt -->
        <test-method signature="table()[pri:0, instance:Selenium.OrangeHRM@62fdb4a6]" started-at="2023-11-02T16:45:51Z" name="table" finished-at="2023-11-02T16:46:01Z" duration-ms="10295" status="PASS">
          <reporter-output>
          </reporter-output>
        </test-method> <!-- table -->
      </class> <!-- Selenium.OrangeHRM -->
    </test> <!-- Surefire test -->
  </suite> <!-- Surefire suite -->
</testng-results>
