<?xml version="1.0" encoding="UTF-8"?>
<!-- Generated by org.testng.reporters.JUnitXMLReporter -->
<testsuite hostname="DESKTOP-OT8BPVR" failures="0" tests="3" name="Test" time="72.674" errors="0" timestamp="8 Nov 2023 08:00:35 GMT">
  <testcase classname="MakeMyTrip_Package.MakeMyTrip_Class" name="Holiday_pack" time="6.805"/>
  <testcase classname="MakeMyTrip_Package.MakeMyTrip_Class" name="searchFlight" time="17.775"/>
  <testcase classname="MakeMyTrip_Package.MakeMyTrip_Class" name="pack" time="28.376"/>
</testsuite> <!-- Test -->
