<?xml version="1.0" encoding="UTF-8"?>
<!-- Generated by org.testng.reporters.JUnitXMLReporter -->
<testsuite hostname="DESKTOP-OT8BPVR" failures="0" tests="3" name="Surefire test" time="115.129" errors="0" timestamp="10 Nov 2023 08:45:15 GMT">
  <testcase classname="MakeMyTrip_Package.MakeMyTrip_Class" name="Holiday_pack" time="5.365"/>
  <testcase classname="MakeMyTrip_Package.MakeMyTrip_Class" name="package_search" time="24.738"/>
  <testcase classname="MakeMyTrip_Package.MakeMyTrip_Class" name="select_package" time="47.471"/>
</testsuite> <!-- Surefire test -->
