<?xml version="1.0" encoding="UTF-8"?>
<testng-results total="3" passed="2" failed="1" skipped="0">
  <reporter-output>
  </reporter-output>
  <suite started-at="2023-11-07T06:39:13Z" name="Suite" finished-at="2023-11-07T06:39:13Z" duration-ms="86">
    <groups>
      <group name="smoke">
        <method signature="alerts.al4()[pri:0, instance:Selenium.alerts@3bd323e9]" name="al4" class="Selenium.alerts"/>
        <method signature="groups.tc1()[pri:0, instance:Selenium.groups@413f69cc]" name="tc1" class="Selenium.groups"/>
        <method signature="groups.tc3()[pri:0, instance:Selenium.groups@413f69cc]" name="tc3" class="Selenium.groups"/>
      </group> <!-- smoke -->
    </groups>
    <test started-at="2023-11-07T06:39:13Z" name="Test" finished-at="2023-11-07T06:39:13Z" duration-ms="86">
      <class name="Selenium.alerts">
        <test-method signature="al4()[pri:0, instance:Selenium.alerts@3bd323e9]" started-at="2023-11-07T12:09:13Z" name="al4" finished-at="2023-11-07T12:09:13Z" duration-ms="5" status="FAIL">
          <exception class="java.lang.NullPointerException">
            <message>
              <![CDATA[Cannot invoke "org.openqa.selenium.JavascriptExecutor.executeScript(String, Object[])" because "scroll" is null]]>
            </message>
            <full-stacktrace>
              <![CDATA[java.lang.NullPointerException: Cannot invoke "org.openqa.selenium.JavascriptExecutor.executeScript(String, Object[])" because "scroll" is null
	at Selenium.alerts.al4(alerts.java:80)
	at java.base/jdk.internal.reflect.NativeMethodAccessorImpl.invoke0(Native Method)
	at java.base/jdk.internal.reflect.NativeMethodAccessorImpl.invoke(NativeMethodAccessorImpl.java:77)
	at java.base/jdk.internal.reflect.DelegatingMethodAccessorImpl.invoke(DelegatingMethodAccessorImpl.java:43)
	at java.base/java.lang.reflect.Method.invoke(Method.java:568)
	at org.testng.internal.MethodInvocationHelper.invokeMethod(MethodInvocationHelper.java:86)
	at org.testng.internal.Invoker.invokeMethod(Invoker.java:643)
	at org.testng.internal.Invoker.invokeTestMethod(Invoker.java:820)
	at org.testng.internal.Invoker.invokeTestMethods(Invoker.java:1128)
	at org.testng.internal.TestMethodWorker.invokeTestMethods(TestMethodWorker.java:129)
	at org.testng.internal.TestMethodWorker.run(TestMethodWorker.java:112)
	at org.testng.TestRunner.privateRun(TestRunner.java:782)
	at org.testng.TestRunner.run(TestRunner.java:632)
	at org.testng.SuiteRunner.runTest(SuiteRunner.java:366)
	at org.testng.SuiteRunner.runSequentially(SuiteRunner.java:361)
	at org.testng.SuiteRunner.privateRun(SuiteRunner.java:319)
	at org.testng.SuiteRunner.run(SuiteRunner.java:268)
	at org.testng.SuiteRunnerWorker.runSuite(SuiteRunnerWorker.java:52)
	at org.testng.SuiteRunnerWorker.run(SuiteRunnerWorker.java:86)
	at org.testng.TestNG.runSuitesSequentially(TestNG.java:1244)
	at org.testng.TestNG.runSuitesLocally(TestNG.java:1169)
	at org.testng.TestNG.run(TestNG.java:1064)
	at org.testng.remote.AbstractRemoteTestNG.run(AbstractRemoteTestNG.java:115)
	at org.testng.remote.RemoteTestNG.initAndRun(RemoteTestNG.java:251)
	at org.testng.remote.RemoteTestNG.main(RemoteTestNG.java:77)
]]>
            </full-stacktrace>
          </exception> <!-- java.lang.NullPointerException -->
          <reporter-output>
          </reporter-output>
        </test-method> <!-- al4 -->
      </class> <!-- Selenium.alerts -->
      <class name="Selenium.groups">
        <test-method signature="tc1()[pri:0, instance:Selenium.groups@413f69cc]" started-at="2023-11-07T12:09:13Z" name="tc1" finished-at="2023-11-07T12:09:13Z" duration-ms="14" status="PASS">
          <reporter-output>
          </reporter-output>
        </test-method> <!-- tc1 -->
        <test-method signature="tc3()[pri:0, instance:Selenium.groups@413f69cc]" started-at="2023-11-07T12:09:13Z" name="tc3" finished-at="2023-11-07T12:09:13Z" duration-ms="4" status="PASS">
          <reporter-output>
          </reporter-output>
        </test-method> <!-- tc3 -->
      </class> <!-- Selenium.groups -->
    </test> <!-- Test -->
  </suite> <!-- Suite -->
</testng-results>
