<?xml version="1.0" encoding="UTF-8"?>
<testng-results total="1" passed="1" failed="0" skipped="0">
  <reporter-output>
  </reporter-output>
  <suite started-at="2023-11-05T12:20:30Z" name="Default suite" finished-at="2023-11-05T12:21:29Z" duration-ms="59166">
    <groups>
      <group name="cucumber">
        <method signature="AbstractTestNGCucumberTests.runScenario(io.cucumber.testng.PickleWrapper, io.cucumber.testng.FeatureWrapper)[pri:0, instance:Guru_Runner.Guru_TestRunner@1fa1cab1]" name="runScenario" class="io.cucumber.testng.AbstractTestNGCucumberTests"/>
      </group> <!-- cucumber -->
    </groups>
    <test started-at="2023-11-05T12:20:30Z" name="Default test" finished-at="2023-11-05T12:21:29Z" duration-ms="59166">
      <class name="Guru_Runner.Guru_TestRunner">
        <test-method is-config="true" signature="setUpClass(org.testng.ITestContext)[pri:0, instance:Guru_Runner.Guru_TestRunner@1fa1cab1]" started-at="2023-11-05T17:50:30Z" name="setUpClass" finished-at="2023-11-05T17:50:34Z" duration-ms="4451" status="PASS">
          <params>
            <param index="0">
              <value>
                <![CDATA[org.testng.TestRunner@333398f]]>
              </value>
            </param>
          </params>
          <reporter-output>
          </reporter-output>
        </test-method> <!-- setUpClass -->
        <test-method signature="runScenario(io.cucumber.testng.PickleWrapper, io.cucumber.testng.FeatureWrapper)[pri:0, instance:Guru_Runner.Guru_TestRunner@1fa1cab1]" started-at="2023-11-05T17:50:34Z" name="runScenario" description="Runs Cucumber Scenarios" data-provider="scenarios" finished-at="2023-11-05T17:51:29Z" duration-ms="54387" status="PASS">
          <params>
            <param index="0">
              <value>
                <![CDATA["to test login and register functionality"]]>
              </value>
            </param>
            <param index="1">
              <value>
                <![CDATA["Optional[Testing Guru99 demo site  #Goal]"]]>
              </value>
            </param>
          </params>
          <reporter-output>
          </reporter-output>
        </test-method> <!-- runScenario -->
        <test-method is-config="true" signature="tearDownClass()[pri:0, instance:Guru_Runner.Guru_TestRunner@1fa1cab1]" started-at="2023-11-05T17:51:29Z" name="tearDownClass" finished-at="2023-11-05T17:51:29Z" duration-ms="115" status="PASS">
          <reporter-output>
          </reporter-output>
        </test-method> <!-- tearDownClass -->
      </class> <!-- Guru_Runner.Guru_TestRunner -->
    </test> <!-- Default test -->
  </suite> <!-- Default suite -->
</testng-results>
