<?xml version="1.0" encoding="UTF-8"?>
<testsuite xmlns:xsi="http://www.w3.org/2001/XMLSchema-instance" xsi:noNamespaceSchemaLocation="https://maven.apache.org/surefire/maven-surefire-plugin/xsd/surefire-test-report-3.0.xsd" version="3.0" name="MakeMyTrip_Package.MakeMyTrip_Class" time="117.984" tests="3" errors="0" skipped="0" failures="0">
  <properties>
[...]
</properties>
  <testcase name="Holiday_pack" classname="MakeMyTrip_Package.MakeMyTrip_Class" time="3.068">
    <system-err><![CDATA[SLF4J: No SLF4J providers were found.
SLF4J: Defaulting to no-operation (NOP) logger implementation
SLF4J: See https://www.slf4j.org/codes.html#noProviders for further details.
Starting ChromeDriver 119.0.6045.105 (38c72552c5e15ba9b3117c0967a0fd105072d7c6-refs/branch-heads/6045@{#1103}) on port 11378
Only local connections are allowed.
Please see https://chromedriver.chromium.org/security-considerations for suggestions on keeping ChromeDriver safe.
ChromeDriver was started successfully.
Nov 10, 2023 2:13:24 PM org.openqa.selenium.remote.ProtocolHandshake createSession
INFO: Detected dialect: W3C
]]></system-err>
  </testcase>
  <testcase name="package_search" classname="MakeMyTrip_Package.MakeMyTrip_Class" time="24.705">
    <system-out><![CDATA[
]]></system-out>
  </testcase>
  <testcase name="select_package" classname="MakeMyTrip_Package.MakeMyTrip_Class" time="47.472">
    <system-out><![CDATA[[1E40E9F9B2F575C6D6488E973F5CED14, 018C27E80EF7A9E89E8AB2310F2DA06C]
018C27E80EF7A9E89E8AB2310F2DA06C

new hotel selected: DIVIYUM MANOR

original number of activities: 12
modified number of activities: 13

verify hotel name: 


Project Success!

]]></system-out>
  </testcase>
</testsuite>