<?xml version="1.0" encoding="UTF-8"?>
<testng-results total="3" passed="3" failed="0" skipped="0">
  <reporter-output>
  </reporter-output>
  <suite started-at="2023-11-10T08:43:18Z" name="Surefire suite" finished-at="2023-11-10T08:45:13Z" duration-ms="115129">
    <groups>
    </groups>
    <test started-at="2023-11-10T08:43:18Z" name="Surefire test" finished-at="2023-11-10T08:45:13Z" duration-ms="115129">
      <class name="MakeMyTrip_Package.MakeMyTrip_Class">
        <test-method is-config="true" signature="open()[pri:0, instance:MakeMyTrip_Package.MakeMyTrip_Class@30c15d8b]" started-at="2023-11-10T14:13:18Z" name="open" finished-at="2023-11-10T14:13:41Z" duration-ms="23020" status="PASS">
          <reporter-output>
          </reporter-output>
        </test-method> <!-- open -->
        <test-method signature="Holiday_pack()[pri:0, instance:MakeMyTrip_Package.MakeMyTrip_Class@30c15d8b]" started-at="2023-11-10T14:13:41Z" name="Holiday_pack" finished-at="2023-11-10T14:13:47Z" duration-ms="5365" status="PASS">
          <reporter-output>
          </reporter-output>
        </test-method> <!-- Holiday_pack -->
        <test-method signature="package_search()[pri:1, instance:MakeMyTrip_Package.MakeMyTrip_Class@30c15d8b]" started-at="2023-11-10T14:13:47Z" name="package_search" finished-at="2023-11-10T14:14:11Z" duration-ms="24738" status="PASS">
          <reporter-output>
          </reporter-output>
        </test-method> <!-- package_search -->
        <test-method signature="select_package()[pri:2, instance:MakeMyTrip_Package.MakeMyTrip_Class@30c15d8b]" started-at="2023-11-10T14:14:11Z" name="select_package" finished-at="2023-11-10T14:14:59Z" duration-ms="47471" status="PASS">
          <reporter-output>
          </reporter-output>
        </test-method> <!-- select_package -->
        <test-method is-config="true" signature="closing()[pri:0, instance:MakeMyTrip_Package.MakeMyTrip_Class@30c15d8b]" started-at="2023-11-10T14:14:59Z" name="closing" finished-at="2023-11-10T14:15:13Z" duration-ms="14518" status="PASS">
          <reporter-output>
          </reporter-output>
        </test-method> <!-- closing -->
      </class> <!-- MakeMyTrip_Package.MakeMyTrip_Class -->
    </test> <!-- Surefire test -->
  </suite> <!-- Surefire suite -->
</testng-results>
