<?xml version="1.0" encoding="UTF-8"?>
<!-- Generated by org.testng.reporters.JUnitXMLReporter -->
<testsuite hostname="DESKTOP-OT8BPVR" failures="1" tests="1" name="Default test" time="21.245" errors="0" timestamp="5 Nov 2023 08:24:40 GMT">
  <testcase classname="Neg_Runner.Guru_Neg_TestRunner" name="runScenario" time="20.367">
    <failure type="java.lang.AssertionError" message="The following asserts failed:
	expected [Sign-on: Mercury Tours] but found [Login: Mercury Tours]">
      <![CDATA[java.lang.AssertionError: The following asserts failed:
	expected [Sign-on: Mercury Tours] but found [Login: Mercury Tours]
	at org.testng.asserts.SoftAssert.assertAll(SoftAssert.java:43)
	at Guru_NegDefinition.Neg_Definition.i_should_see_the_title_as(Neg_Definition.java:64)
	at ✽.I Should see the Title as "Login: Mercury Tours"(file:///C:/Users/gunac/Documents/workspace-spring-tool-suite-4-4.16.0.RELEASE/Guru_Negative/src/test/resources/Guru_Neg/guru_negative.feature:34)
]]>
    </failure>
  </testcase> <!-- runScenario -->
</testsuite> <!-- Default test -->
